
/home/runner/work/exp-measurement-of-alignment-using-autocollimator-iitkgp/exp-measurement-of-alignment-using-autocollimator-iitkgp/experiment/simulation/js/acm.js
    9:1   warning  '$' is not defined                            no-undef
   10:3   warning  '$' is not defined                            no-undef
   11:5   warning  '$' is not defined                            no-undef
   14:2   warning  '$' is not defined                            no-undef
   15:3   warning  '$' is not defined                            no-undef
   17:5   warning  '$' is not defined                            no-undef
   37:10  warning  'onoff' is defined but never used             no-unused-vars
   40:3   warning  '$' is not defined                            no-undef
   48:3   warning  '$' is not defined                            no-undef
   59:10  warning  'alertMirror' is defined but never used       no-unused-vars
   66:10  warning  'moveLeft' is defined but never used          no-unused-vars
   70:48  warning  'math' is not defined                         no-undef
   71:50  warning  'math' is not defined                         no-undef
   77:10  warning  'moveRight' is defined but never used         no-unused-vars
   81:48  warning  'math' is not defined                         no-undef
   82:50  warning  'math' is not defined                         no-undef
   90:10  warning  'secscaleRotation' is defined but never used  no-unused-vars
   92:16  warning  'math' is not defined                         no-undef
  101:65  warning  'math' is not defined                         no-undef
  107:10  warning  'simulation' is defined but never used        no-unused-vars
  210:10  warning  'calculate' is defined but never used         no-unused-vars
  255:14  warning  'math' is not defined                         no-undef
  255:23  warning  'math' is not defined                         no-undef
  268:10  warning  'CreateTable' is defined but never used       no-unused-vars
  272:14  warning  '$' is not defined                            no-undef
  273:14  warning  '$' is not defined                            no-undef
  274:11  warning  '$' is not defined                            no-undef
  275:11  warning  '$' is not defined                            no-undef
  276:11  warning  'math' is not defined                         no-undef
  277:11  warning  'math' is not defined                         no-undef
  281:2   warning  Mixed spaces and tabs                         no-mixed-spaces-and-tabs
  282:2   warning  Mixed spaces and tabs                         no-mixed-spaces-and-tabs
  282:4   warning  '$' is not defined                            no-undef
  285:7   warning  'math' is not defined                         no-undef
  285:16  warning  '$' is not defined                            no-undef
  287:3   warning  '$' is not defined                            no-undef
  296:1   warning  Mixed spaces and tabs                         no-mixed-spaces-and-tabs
  297:1   warning  Mixed spaces and tabs                         no-mixed-spaces-and-tabs
  297:3   warning  '$' is not defined                            no-undef
  300:6   warning  'math' is not defined                         no-undef
  300:15  warning  '$' is not defined                            no-undef
  302:2   warning  '$' is not defined                            no-undef
  305:11  warning  'math' is not defined                         no-undef
  305:40  warning  Unnecessary semicolon                         no-extra-semi
  328:10  warning  'plot1' is defined but never used             no-unused-vars
  379:1   warning  Mixed spaces and tabs                         no-mixed-spaces-and-tabs
  380:1   warning  Mixed spaces and tabs                         no-mixed-spaces-and-tabs
  393:1   warning  Mixed spaces and tabs                         no-mixed-spaces-and-tabs
  406:1   warning  'Plotly' is not defined                       no-undef
  410:10  warning  'plot2' is defined but never used             no-unused-vars
  461:1   warning  Mixed spaces and tabs                         no-mixed-spaces-and-tabs
  462:1   warning  Mixed spaces and tabs                         no-mixed-spaces-and-tabs
  475:1   warning  Mixed spaces and tabs                         no-mixed-spaces-and-tabs
  488:1   warning  'Plotly' is not defined                       no-undef
  498:10  warning  'Refresh' is defined but never used           no-unused-vars

✖ 55 problems (0 errors, 55 warnings)
  0 errors and 1 warning potentially fixable with the `--fix` option.

